c:\users\todd\documents\cs307\dick_simulation2\dick_simulation2\release\vc120.pdb
c:\users\todd\documents\cs307\dick_simulation2\dick_simulation2\release\wellinfo.obj
c:\users\todd\documents\cs307\dick_simulation2\dick_simulation2\release\stepincmin2max.obj
c:\users\todd\documents\cs307\dick_simulation2\dick_simulation2\release\stepdecmax2min.obj
c:\users\todd\documents\cs307\dick_simulation2\dick_simulation2\release\simulation2.obj
c:\users\todd\documents\cs307\dick_simulation2\dick_simulation2\release\sensorinfo.obj
c:\users\todd\documents\cs307\dick_simulation2\dick_simulation2\release\sensorfactory.obj
c:\users\todd\documents\cs307\dick_simulation2\dick_simulation2\release\sensor.obj
c:\users\todd\documents\cs307\dick_simulation2\dick_simulation2\release\randmin2max.obj
c:\users\todd\documents\cs307\dick_simulation2\dick_simulation2\release\oilwellfactory.obj
c:\users\todd\documents\cs307\dick_simulation2\dick_simulation2\release\oilwell.obj
c:\users\todd\documents\cs307\dick_simulation2\dick_simulation2\release\myparser.obj
c:\users\todd\documents\cs307\dick_simulation2\dick_simulation2\release\main.obj
c:\users\todd\documents\cs307\dick_simulation2\dick_simulation2\release\followlinkifgreater.obj
c:\users\todd\documents\cs307\dick_simulation2\dick_simulation2\release\followlinkifchanged.obj
c:\users\todd\documents\cs307\dick_simulation2\dick_simulation2\release\algorithmfactory.obj
c:\users\todd\documents\cs307\dick_simulation2\dick_simulation2\release\algorithm.obj
c:\users\todd\documents\cs307\dick_simulation2\release\dick_simulation2.exe
c:\users\todd\documents\cs307\dick_simulation2\release\dick_simulation2.pdb
c:\users\todd\documents\cs307\dick_simulation2\dick_simulation2\release\dick_simulation2.tlog\cl.command.1.tlog
c:\users\todd\documents\cs307\dick_simulation2\dick_simulation2\release\dick_simulation2.tlog\cl.read.1.tlog
c:\users\todd\documents\cs307\dick_simulation2\dick_simulation2\release\dick_simulation2.tlog\cl.write.1.tlog
c:\users\todd\documents\cs307\dick_simulation2\dick_simulation2\release\dick_simulation2.tlog\link.command.1.tlog
c:\users\todd\documents\cs307\dick_simulation2\dick_simulation2\release\dick_simulation2.tlog\link.read.1.tlog
c:\users\todd\documents\cs307\dick_simulation2\dick_simulation2\release\dick_simulation2.tlog\link.write.1.tlog
