c:\users\todd\documents\cs307\dick_simulation2\dick_simulation2\debug\vc120.pdb
c:\users\todd\documents\cs307\dick_simulation2\dick_simulation2\debug\vc120.idb
c:\users\todd\documents\cs307\dick_simulation2\dick_simulation2\debug\algorithm.nativecodeanalysis.xml
c:\users\todd\documents\cs307\dick_simulation2\dick_simulation2\debug\algorithmfactory.nativecodeanalysis.xml
c:\users\todd\documents\cs307\dick_simulation2\dick_simulation2\debug\followlinkifchanged.nativecodeanalysis.xml
c:\users\todd\documents\cs307\dick_simulation2\dick_simulation2\debug\followlinkifgreater.nativecodeanalysis.xml
c:\users\todd\documents\cs307\dick_simulation2\dick_simulation2\debug\main.nativecodeanalysis.xml
c:\users\todd\documents\cs307\dick_simulation2\dick_simulation2\debug\myparser.nativecodeanalysis.xml
c:\users\todd\documents\cs307\dick_simulation2\dick_simulation2\debug\oilwell.nativecodeanalysis.xml
c:\users\todd\documents\cs307\dick_simulation2\dick_simulation2\debug\oilwellfactory.nativecodeanalysis.xml
c:\users\todd\documents\cs307\dick_simulation2\dick_simulation2\debug\randmin2max.nativecodeanalysis.xml
c:\users\todd\documents\cs307\dick_simulation2\dick_simulation2\debug\sensor.nativecodeanalysis.xml
c:\users\todd\documents\cs307\dick_simulation2\dick_simulation2\debug\sensorfactory.nativecodeanalysis.xml
c:\users\todd\documents\cs307\dick_simulation2\dick_simulation2\debug\sensorinfo.nativecodeanalysis.xml
c:\users\todd\documents\cs307\dick_simulation2\dick_simulation2\debug\simulation2.nativecodeanalysis.xml
c:\users\todd\documents\cs307\dick_simulation2\dick_simulation2\debug\stepdecmax2min.nativecodeanalysis.xml
c:\users\todd\documents\cs307\dick_simulation2\dick_simulation2\debug\stepincmin2max.nativecodeanalysis.xml
c:\users\todd\documents\cs307\dick_simulation2\dick_simulation2\debug\wellinfo.nativecodeanalysis.xml
c:\users\todd\documents\cs307\dick_simulation2\dick_simulation2\debug\wellinfo.obj
c:\users\todd\documents\cs307\dick_simulation2\dick_simulation2\debug\stepincmin2max.obj
c:\users\todd\documents\cs307\dick_simulation2\dick_simulation2\debug\stepdecmax2min.obj
c:\users\todd\documents\cs307\dick_simulation2\dick_simulation2\debug\simulation2.obj
c:\users\todd\documents\cs307\dick_simulation2\dick_simulation2\debug\sensorinfo.obj
c:\users\todd\documents\cs307\dick_simulation2\dick_simulation2\debug\sensorfactory.obj
c:\users\todd\documents\cs307\dick_simulation2\dick_simulation2\debug\sensor.obj
c:\users\todd\documents\cs307\dick_simulation2\dick_simulation2\debug\randmin2max.obj
c:\users\todd\documents\cs307\dick_simulation2\dick_simulation2\debug\oilwellfactory.obj
c:\users\todd\documents\cs307\dick_simulation2\dick_simulation2\debug\oilwell.obj
c:\users\todd\documents\cs307\dick_simulation2\dick_simulation2\debug\myparser.obj
c:\users\todd\documents\cs307\dick_simulation2\dick_simulation2\debug\main.obj
c:\users\todd\documents\cs307\dick_simulation2\dick_simulation2\debug\followlinkifgreater.obj
c:\users\todd\documents\cs307\dick_simulation2\dick_simulation2\debug\followlinkifchanged.obj
c:\users\todd\documents\cs307\dick_simulation2\dick_simulation2\debug\algorithmfactory.obj
c:\users\todd\documents\cs307\dick_simulation2\dick_simulation2\debug\algorithm.obj
c:\users\todd\documents\cs307\dick_simulation2\dick_simulation2\debug\algorithm2.obj
c:\users\todd\documents\cs307\dick_simulation2\debug\dick_simulation2.ilk
c:\users\todd\documents\cs307\dick_simulation2\debug\dick_simulation2.exe
c:\users\todd\documents\cs307\dick_simulation2\debug\dick_simulation2.pdb
c:\users\todd\documents\cs307\dick_simulation2\dick_simulation2\debug\nativecodeanalysis.read.1.tlog
c:\users\todd\documents\cs307\dick_simulation2\dick_simulation2\debug\vc.nativecodeanalysis.all.xml
c:\users\todd\documents\cs307\dick_simulation2\debug\dick_simulation2.exe.lastcodeanalysissucceeded
c:\users\todd\documents\cs307\dick_simulation2\dick_simulation2\debug\dick_simulation2.tlog\cl.command.1.tlog
c:\users\todd\documents\cs307\dick_simulation2\dick_simulation2\debug\dick_simulation2.tlog\cl.read.1.tlog
c:\users\todd\documents\cs307\dick_simulation2\dick_simulation2\debug\dick_simulation2.tlog\cl.write.1.tlog
c:\users\todd\documents\cs307\dick_simulation2\dick_simulation2\debug\dick_simulation2.tlog\link.command.1.tlog
c:\users\todd\documents\cs307\dick_simulation2\dick_simulation2\debug\dick_simulation2.tlog\link.read.1.tlog
c:\users\todd\documents\cs307\dick_simulation2\dick_simulation2\debug\dick_simulation2.tlog\link.write.1.tlog
